  Assembling AddTwo.asm...
AddTwo.asm(11): error A2013: .MODEL must precede this directive
AddTwo.asm(12): error A2034: must be in segment block
AddTwo.asm(13): error A2034: must be in segment block
AddTwo.asm(14): error A2034: must be in segment block
AddTwo.asm(15): error A2034: must be in segment block
AddTwo.asm(16): error A2034: must be in segment block
AddTwo.asm(17): error A2034: must be in segment block
AddTwo.asm(18): error A2034: must be in segment block
AddTwo.asm(19): error A2034: must be in segment block
AddTwo.asm(20): error A2034: must be in segment block
AddTwo.asm(21): error A2034: must be in segment block
AddTwo.asm(22): error A2034: must be in segment block
AddTwo.asm(24): error A2034: must be in segment block
AddTwo.asm(25): error A2034: must be in segment block
AddTwo.asm(26): error A2034: must be in segment block
AddTwo.asm(27): error A2034: must be in segment block
AddTwo.asm(28): error A2034: must be in segment block
AddTwo.asm(29): error A2034: must be in segment block
AddTwo.asm(30): error A2034: must be in segment block
AddTwo.asm(31): error A2034: must be in segment block
AddTwo.asm(32): error A2034: must be in segment block
AddTwo.asm(33): error A2034: must be in segment block
AddTwo.asm(34): error A2034: must be in segment block
AddTwo.asm(35): error A2034: must be in segment block
AddTwo.asm(38): error A2013: .MODEL must precede this directive
AddTwo.asm(39): error A2034: must be in segment block : main
AddTwo.asm(40): error A2034: must be in segment block
AddTwo.asm(41): error A2034: must be in segment block
AddTwo.asm(42): error A2034: must be in segment block
AddTwo.asm(43): error A2034: must be in segment block
AddTwo.asm(44): error A2034: must be in segment block
AddTwo.asm(45): error A2034: must be in segment block
AddTwo.asm(46): error A2034: must be in segment block
AddTwo.asm(47): error A2034: must be in segment block
AddTwo.asm(48): error A2034: must be in segment block
AddTwo.asm(49): error A2034: must be in segment block
AddTwo.asm(50): error A2034: must be in segment block
AddTwo.asm(51): error A2034: must be in segment block
AddTwo.asm(52): error A2034: must be in segment block
AddTwo.asm(53): error A2034: must be in segment block
AddTwo.asm(54): error A2034: must be in segment block
AddTwo.asm(55): error A2034: must be in segment block
AddTwo.asm(56): error A2034: must be in segment block
AddTwo.asm(57): error A2034: must be in segment block
AddTwo.asm(59): error A2034: must be in segment block
AddTwo.asm(60): error A2034: must be in segment block
AddTwo.asm(61): error A2034: must be in segment block
AddTwo.asm(63): error A2034: must be in segment block
AddTwo.asm(64): error A2034: must be in segment block
AddTwo.asm(65): error A2034: must be in segment block
AddTwo.asm(66): error A2034: must be in segment block
AddTwo.asm(67): error A2034: must be in segment block
AddTwo.asm(68): error A2034: must be in segment block
AddTwo.asm(69): error A2034: must be in segment block
AddTwo.asm(71): error A2034: must be in segment block
AddTwo.asm(72): error A2034: must be in segment block
AddTwo.asm(73): error A2034: must be in segment block
AddTwo.asm(74): error A2034: must be in segment block
AddTwo.asm(75): error A2034: must be in segment block
AddTwo.asm(78): error A2034: must be in segment block : Process_A
AddTwo.asm(79): error A2034: must be in segment block
AddTwo.asm(80): error A2034: must be in segment block
AddTwo.asm(81): fatal error A1010: unmatched block nesting : Process_A
C:\Program Files (x86)\Microsoft Visual Studio\2017\Enterprise\Common7\IDE\VC\VCTargets\BuildCustomizations\masm.targets(69,5): error MSB3721: The command "ml.exe /c /nologo /Sg /Zi /Fo"Debug\AddTwo.obj" /Fl"Project.lst" /I "D:\Work\Norco College\CIS 11 - Assembly Programming\Irvine" /W3 /errorReport:prompt  /TaAddTwo.asm" exited with code 1.
